2009-02-22 10:43:12,000 [main] WARN  org.hibernate.impl.SessionFactoryObjectFactory  - Could not bind factory to JNDI
javax.naming.NoInitialContextException: Need to specify class name in environment or system property, or as an applet parameter, or in an application resource file:  java.naming.factory.initial
	at javax.naming.spi.NamingManager.getInitialContext(NamingManager.java:645)
	at javax.naming.InitialContext.getDefaultInitCtx(InitialContext.java:288)
	at javax.naming.InitialContext.getURLOrDefaultInitCtx(InitialContext.java:325)
	at javax.naming.InitialContext.getNameParser(InitialContext.java:480)
	at org.hibernate.util.NamingHelper.bind(NamingHelper.java:52)
	at org.hibernate.impl.SessionFactoryObjectFactory.addInstance(SessionFactoryObjectFactory.java:90)
	at org.hibernate.impl.SessionFactoryImpl.<init>(SessionFactoryImpl.java:306)
	at org.hibernate.cfg.Configuration.buildSessionFactory(Configuration.java:1294)
	at de.liga.dart.common.service.util.HibernateUtil.<clinit>(HibernateUtil.java:24)
	at org.en.tealEye.guiMain.AppStartup.main(AppStartup.java:38)
	at sun.reflect.NativeMethodAccessorImpl.invoke0(Native Method)
	at sun.reflect.NativeMethodAccessorImpl.invoke(NativeMethodAccessorImpl.java:39)
	at sun.reflect.DelegatingMethodAccessorImpl.invoke(DelegatingMethodAccessorImpl.java:25)
	at java.lang.reflect.Method.invoke(Method.java:597)
	at com.intellij.rt.execution.application.AppMain.main(AppMain.java:90)
2009-02-22 10:43:33,125 [AWT-EventQueue-0] ERROR org.en.tealEye.guiMain.ThreadSupervisor  - error during ConstrWorkerThread
java.util.concurrent.ExecutionException: org.hibernate.HibernateException: No CurrentSessionContext configured!
	at java.util.concurrent.FutureTask$Sync.innerGet(FutureTask.java:222)
	at java.util.concurrent.FutureTask.get(FutureTask.java:83)
	at javax.swing.SwingWorker.get(SwingWorker.java:583)
	at org.en.tealEye.guiMain.ThreadSupervisor.startConstrWorkerThread(ThreadSupervisor.java:38)
	at org.en.tealEye.guiMain.Hypervisor.showPanel(Hypervisor.java:65)
	at org.en.tealEye.controller.gui.MenuController.mouseClicked(MenuController.java:129)
	at java.awt.AWTEventMulticaster.mouseClicked(AWTEventMulticaster.java:253)
	at java.awt.Component.processMouseEvent(Component.java:6041)
	at javax.swing.JComponent.processMouseEvent(JComponent.java:3265)
	at java.awt.Component.processEvent(Component.java:5803)
	at java.awt.Container.processEvent(Container.java:2058)
	at java.awt.Component.dispatchEventImpl(Component.java:4410)
	at java.awt.Container.dispatchEventImpl(Container.java:2116)
	at java.awt.Component.dispatchEvent(Component.java:4240)
	at java.awt.LightweightDispatcher.retargetMouseEvent(Container.java:4322)
	at java.awt.LightweightDispatcher.processMouseEvent(Container.java:3995)
	at java.awt.LightweightDispatcher.dispatchEvent(Container.java:3916)
	at java.awt.Container.dispatchEventImpl(Container.java:2102)
	at java.awt.Window.dispatchEventImpl(Window.java:2429)
	at java.awt.Component.dispatchEvent(Component.java:4240)
	at java.awt.EventQueue.dispatchEvent(EventQueue.java:599)
	at java.awt.EventDispatchThread.pumpOneEventForFilters(EventDispatchThread.java:273)
	at java.awt.EventDispatchThread.pumpEventsForFilter(EventDispatchThread.java:183)
	at java.awt.EventDispatchThread.pumpEventsForHierarchy(EventDispatchThread.java:173)
	at java.awt.EventDispatchThread.pumpEvents(EventDispatchThread.java:168)
	at java.awt.EventDispatchThread.pumpEvents(EventDispatchThread.java:160)
	at java.awt.EventDispatchThread.run(EventDispatchThread.java:121)
Caused by: org.hibernate.HibernateException: No CurrentSessionContext configured!
	at org.hibernate.impl.SessionFactoryImpl.getCurrentSession(SessionFactoryImpl.java:542)
	at de.liga.dart.common.service.util.HibernateUtil.getCurrentSession(HibernateUtil.java:38)
	at de.liga.dart.common.service.util.HibernateUtil.getCurrentTransaction(HibernateUtil.java:43)
	at de.liga.dart.common.service.util.TransactServiceHandler.invoke(TransactServiceHandler.java:37)
	at $Proxy1.run(Unknown Source)
	at de.liga.dart.common.service.ServiceFactory.runAsTransaction(ServiceFactory.java:60)
	at org.en.tealEye.framework.TransactedModelFactory.create(TransactedModelFactory.java:16)
	at org.en.tealEye.framework.ComponentRegistry.setTableModel(ComponentRegistry.java:51)
	at org.en.tealEye.guiExt.ExtPanel.ExtendedJPanelImpl.createCollectionModel(ExtendedJPanelImpl.java:76)
	at org.en.tealEye.guiExt.ExtPanel.ExtendedJPanelImpl.doUpdatePanel(ExtendedJPanelImpl.java:138)
	at org.en.tealEye.guiExt.ExtPanel.ExtendedJPanelImpl.updatePanel(ExtendedJPanelImpl.java:131)
	at org.en.tealEye.guiMain.ConstrWorkerThread.doInBackground(ConstrWorkerThread.java:34)
	at javax.swing.SwingWorker$1.call(SwingWorker.java:278)
	at java.util.concurrent.FutureTask$Sync.innerRun(FutureTask.java:303)
	at java.util.concurrent.FutureTask.run(FutureTask.java:138)
	at javax.swing.SwingWorker.run(SwingWorker.java:317)
	at java.util.concurrent.ThreadPoolExecutor$Worker.runTask(ThreadPoolExecutor.java:885)
	at java.util.concurrent.ThreadPoolExecutor$Worker.run(ThreadPoolExecutor.java:907)
	at java.lang.Thread.run(Thread.java:619)
2009-02-22 10:43:36,859 [AWT-EventQueue-0] ERROR org.en.tealEye.guiMain.ThreadSupervisor  - error during ConstrWorkerThread
java.util.concurrent.ExecutionException: org.hibernate.HibernateException: No CurrentSessionContext configured!
	at java.util.concurrent.FutureTask$Sync.innerGet(FutureTask.java:222)
	at java.util.concurrent.FutureTask.get(FutureTask.java:83)
	at javax.swing.SwingWorker.get(SwingWorker.java:583)
	at org.en.tealEye.guiMain.ThreadSupervisor.startConstrWorkerThread(ThreadSupervisor.java:38)
	at org.en.tealEye.guiMain.Hypervisor.showPanel(Hypervisor.java:65)
	at org.en.tealEye.controller.gui.MenuController.mouseClicked(MenuController.java:129)
	at java.awt.AWTEventMulticaster.mouseClicked(AWTEventMulticaster.java:253)
	at java.awt.Component.processMouseEvent(Component.java:6041)
	at javax.swing.JComponent.processMouseEvent(JComponent.java:3265)
	at java.awt.Component.processEvent(Component.java:5803)
	at java.awt.Container.processEvent(Container.java:2058)
	at java.awt.Component.dispatchEventImpl(Component.java:4410)
	at java.awt.Container.dispatchEventImpl(Container.java:2116)
	at java.awt.Component.dispatchEvent(Component.java:4240)
	at java.awt.LightweightDispatcher.retargetMouseEvent(Container.java:4322)
	at java.awt.LightweightDispatcher.processMouseEvent(Container.java:3995)
	at java.awt.LightweightDispatcher.dispatchEvent(Container.java:3916)
	at java.awt.Container.dispatchEventImpl(Container.java:2102)
	at java.awt.Window.dispatchEventImpl(Window.java:2429)
	at java.awt.Component.dispatchEvent(Component.java:4240)
	at java.awt.EventQueue.dispatchEvent(EventQueue.java:599)
	at java.awt.EventDispatchThread.pumpOneEventForFilters(EventDispatchThread.java:273)
	at java.awt.EventDispatchThread.pumpEventsForFilter(EventDispatchThread.java:183)
	at java.awt.EventDispatchThread.pumpEventsForHierarchy(EventDispatchThread.java:173)
	at java.awt.EventDispatchThread.pumpEvents(EventDispatchThread.java:168)
	at java.awt.EventDispatchThread.pumpEvents(EventDispatchThread.java:160)
	at java.awt.EventDispatchThread.run(EventDispatchThread.java:121)
Caused by: org.hibernate.HibernateException: No CurrentSessionContext configured!
	at org.hibernate.impl.SessionFactoryImpl.getCurrentSession(SessionFactoryImpl.java:542)
	at de.liga.dart.common.service.util.HibernateUtil.getCurrentSession(HibernateUtil.java:38)
	at de.liga.dart.common.service.util.HibernateUtil.getCurrentTransaction(HibernateUtil.java:43)
	at de.liga.dart.common.service.util.TransactServiceHandler.invoke(TransactServiceHandler.java:37)
	at $Proxy1.run(Unknown Source)
	at de.liga.dart.common.service.ServiceFactory.runAsTransaction(ServiceFactory.java:60)
	at org.en.tealEye.framework.TransactedModelFactory.create(TransactedModelFactory.java:16)
	at org.en.tealEye.framework.ComponentRegistry.setTableModel(ComponentRegistry.java:51)
	at org.en.tealEye.guiExt.ExtPanel.ExtendedJPanelImpl.createCollectionModel(ExtendedJPanelImpl.java:76)
	at org.en.tealEye.guiExt.ExtPanel.ExtendedJPanelImpl.doUpdatePanel(ExtendedJPanelImpl.java:138)
	at org.en.tealEye.guiExt.ExtPanel.ExtendedJPanelImpl.updatePanel(ExtendedJPanelImpl.java:131)
	at org.en.tealEye.guiMain.ConstrWorkerThread.doInBackground(ConstrWorkerThread.java:34)
	at javax.swing.SwingWorker$1.call(SwingWorker.java:278)
	at java.util.concurrent.FutureTask$Sync.innerRun(FutureTask.java:303)
	at java.util.concurrent.FutureTask.run(FutureTask.java:138)
	at javax.swing.SwingWorker.run(SwingWorker.java:317)
	at java.util.concurrent.ThreadPoolExecutor$Worker.runTask(ThreadPoolExecutor.java:885)
	at java.util.concurrent.ThreadPoolExecutor$Worker.run(ThreadPoolExecutor.java:907)
	at java.lang.Thread.run(Thread.java:619)
2009-02-22 10:43:39,218 [AWT-EventQueue-0] WARN  org.hibernate.impl.SessionFactoryObjectFactory  - Could not unbind factory from JNDI
javax.naming.NoInitialContextException: Need to specify class name in environment or system property, or as an applet parameter, or in an application resource file:  java.naming.factory.initial
	at javax.naming.spi.NamingManager.getInitialContext(NamingManager.java:645)
	at javax.naming.InitialContext.getDefaultInitCtx(InitialContext.java:288)
	at javax.naming.InitialContext.getURLOrDefaultInitCtx(InitialContext.java:325)
	at javax.naming.InitialContext.unbind(InitialContext.java:416)
	at org.hibernate.impl.SessionFactoryObjectFactory.removeInstance(SessionFactoryObjectFactory.java:116)
	at org.hibernate.impl.SessionFactoryImpl.close(SessionFactoryImpl.java:806)
	at de.liga.dart.common.service.DartServiceImpl.shutdown(DartServiceImpl.java:11)
	at sun.reflect.NativeMethodAccessorImpl.invoke0(Native Method)
	at sun.reflect.NativeMethodAccessorImpl.invoke(NativeMethodAccessorImpl.java:39)
	at sun.reflect.DelegatingMethodAccessorImpl.invoke(DelegatingMethodAccessorImpl.java:25)
	at java.lang.reflect.Method.invoke(Method.java:597)
	at de.liga.dart.common.service.util.SyncServiceHandler.invoke(SyncServiceHandler.java:18)
	at $Proxy0.shutdown(Unknown Source)
	at org.en.tealEye.controller.gui.WindowController.windowClosing(WindowController.java:61)
	at java.awt.AWTEventMulticaster.windowClosing(AWTEventMulticaster.java:332)
	at java.awt.Window.processWindowEvent(Window.java:1816)
	at javax.swing.JFrame.processWindowEvent(JFrame.java:279)
	at java.awt.Window.processEvent(Window.java:1774)
	at java.awt.Component.dispatchEventImpl(Component.java:4410)
	at java.awt.Container.dispatchEventImpl(Container.java:2116)
	at java.awt.Window.dispatchEventImpl(Window.java:2429)
	at java.awt.Component.dispatchEvent(Component.java:4240)
	at java.awt.EventQueue.dispatchEvent(EventQueue.java:599)
	at java.awt.EventDispatchThread.pumpOneEventForFilters(EventDispatchThread.java:273)
	at java.awt.EventDispatchThread.pumpEventsForFilter(EventDispatchThread.java:183)
	at java.awt.EventDispatchThread.pumpEventsForHierarchy(EventDispatchThread.java:173)
	at java.awt.EventDispatchThread.pumpEvents(EventDispatchThread.java:168)
	at java.awt.EventDispatchThread.pumpEvents(EventDispatchThread.java:160)
	at java.awt.EventDispatchThread.run(EventDispatchThread.java:121)
2009-02-22 10:52:17,156 [main] WARN  org.hibernate.impl.SessionFactoryObjectFactory  - Could not bind factory to JNDI
javax.naming.NoInitialContextException: Need to specify class name in environment or system property, or as an applet parameter, or in an application resource file:  java.naming.factory.initial
	at javax.naming.spi.NamingManager.getInitialContext(NamingManager.java:645)
	at javax.naming.InitialContext.getDefaultInitCtx(InitialContext.java:288)
	at javax.naming.InitialContext.getURLOrDefaultInitCtx(InitialContext.java:325)
	at javax.naming.InitialContext.getNameParser(InitialContext.java:480)
	at org.hibernate.util.NamingHelper.bind(NamingHelper.java:52)
	at org.hibernate.impl.SessionFactoryObjectFactory.addInstance(SessionFactoryObjectFactory.java:90)
	at org.hibernate.impl.SessionFactoryImpl.<init>(SessionFactoryImpl.java:306)
	at org.hibernate.cfg.Configuration.buildSessionFactory(Configuration.java:1294)
	at de.liga.dart.common.service.util.HibernateUtil.<clinit>(HibernateUtil.java:24)
	at org.en.tealEye.guiMain.AppStartup.main(AppStartup.java:38)
	at sun.reflect.NativeMethodAccessorImpl.invoke0(Native Method)
	at sun.reflect.NativeMethodAccessorImpl.invoke(NativeMethodAccessorImpl.java:39)
	at sun.reflect.DelegatingMethodAccessorImpl.invoke(DelegatingMethodAccessorImpl.java:25)
	at java.lang.reflect.Method.invoke(Method.java:597)
	at com.intellij.rt.execution.application.AppMain.main(AppMain.java:90)
2009-02-22 10:52:22,000 [AWT-EventQueue-0] WARN  org.hibernate.impl.SessionFactoryObjectFactory  - Could not unbind factory from JNDI
javax.naming.NoInitialContextException: Need to specify class name in environment or system property, or as an applet parameter, or in an application resource file:  java.naming.factory.initial
	at javax.naming.spi.NamingManager.getInitialContext(NamingManager.java:645)
	at javax.naming.InitialContext.getDefaultInitCtx(InitialContext.java:288)
	at javax.naming.InitialContext.getURLOrDefaultInitCtx(InitialContext.java:325)
	at javax.naming.InitialContext.unbind(InitialContext.java:416)
	at org.hibernate.impl.SessionFactoryObjectFactory.removeInstance(SessionFactoryObjectFactory.java:116)
	at org.hibernate.impl.SessionFactoryImpl.close(SessionFactoryImpl.java:806)
	at de.liga.dart.common.service.DartServiceImpl.shutdown(DartServiceImpl.java:11)
	at sun.reflect.NativeMethodAccessorImpl.invoke0(Native Method)
	at sun.reflect.NativeMethodAccessorImpl.invoke(NativeMethodAccessorImpl.java:39)
	at sun.reflect.DelegatingMethodAccessorImpl.invoke(DelegatingMethodAccessorImpl.java:25)
	at java.lang.reflect.Method.invoke(Method.java:597)
	at de.liga.dart.common.service.util.SyncServiceHandler.invoke(SyncServiceHandler.java:18)
	at $Proxy0.shutdown(Unknown Source)
	at org.en.tealEye.controller.gui.WindowController.windowClosing(WindowController.java:61)
	at java.awt.AWTEventMulticaster.windowClosing(AWTEventMulticaster.java:332)
	at java.awt.Window.processWindowEvent(Window.java:1816)
	at javax.swing.JFrame.processWindowEvent(JFrame.java:279)
	at java.awt.Window.processEvent(Window.java:1774)
	at java.awt.Component.dispatchEventImpl(Component.java:4410)
	at java.awt.Container.dispatchEventImpl(Container.java:2116)
	at java.awt.Window.dispatchEventImpl(Window.java:2429)
	at java.awt.Component.dispatchEvent(Component.java:4240)
	at java.awt.EventQueue.dispatchEvent(EventQueue.java:599)
	at java.awt.EventDispatchThread.pumpOneEventForFilters(EventDispatchThread.java:273)
	at java.awt.EventDispatchThread.pumpEventsForFilter(EventDispatchThread.java:183)
	at java.awt.EventDispatchThread.pumpEventsForHierarchy(EventDispatchThread.java:173)
	at java.awt.EventDispatchThread.pumpEvents(EventDispatchThread.java:168)
	at java.awt.EventDispatchThread.pumpEvents(EventDispatchThread.java:160)
	at java.awt.EventDispatchThread.run(EventDispatchThread.java:121)
2009-02-22 10:52:39,406 [main] WARN  org.hibernate.impl.SessionFactoryObjectFactory  - Could not bind factory to JNDI
javax.naming.NoInitialContextException: Need to specify class name in environment or system property, or as an applet parameter, or in an application resource file:  java.naming.factory.initial
	at javax.naming.spi.NamingManager.getInitialContext(NamingManager.java:645)
	at javax.naming.InitialContext.getDefaultInitCtx(InitialContext.java:288)
	at javax.naming.InitialContext.getURLOrDefaultInitCtx(InitialContext.java:325)
	at javax.naming.InitialContext.getNameParser(InitialContext.java:480)
	at org.hibernate.util.NamingHelper.bind(NamingHelper.java:52)
	at org.hibernate.impl.SessionFactoryObjectFactory.addInstance(SessionFactoryObjectFactory.java:90)
	at org.hibernate.impl.SessionFactoryImpl.<init>(SessionFactoryImpl.java:306)
	at org.hibernate.cfg.Configuration.buildSessionFactory(Configuration.java:1294)
	at de.liga.dart.common.service.util.HibernateUtil.<clinit>(HibernateUtil.java:24)
	at org.en.tealEye.guiMain.AppStartup.main(AppStartup.java:38)
2009-02-22 10:52:44,656 [AWT-EventQueue-0] ERROR org.en.tealEye.guiMain.ThreadSupervisor  - error during ConstrWorkerThread
java.util.concurrent.ExecutionException: org.hibernate.HibernateException: No CurrentSessionContext configured!
	at java.util.concurrent.FutureTask$Sync.innerGet(FutureTask.java:222)
	at java.util.concurrent.FutureTask.get(FutureTask.java:83)
	at javax.swing.SwingWorker.get(SwingWorker.java:583)
	at org.en.tealEye.guiMain.ThreadSupervisor.startConstrWorkerThread(ThreadSupervisor.java:38)
	at org.en.tealEye.guiMain.Hypervisor.showPanel(Hypervisor.java:65)
	at org.en.tealEye.controller.gui.MenuController.mouseClicked(MenuController.java:129)
	at java.awt.AWTEventMulticaster.mouseClicked(AWTEventMulticaster.java:253)
	at java.awt.Component.processMouseEvent(Component.java:6041)
	at javax.swing.JComponent.processMouseEvent(JComponent.java:3265)
	at java.awt.Component.processEvent(Component.java:5803)
	at java.awt.Container.processEvent(Container.java:2058)
	at java.awt.Component.dispatchEventImpl(Component.java:4410)
	at java.awt.Container.dispatchEventImpl(Container.java:2116)
	at java.awt.Component.dispatchEvent(Component.java:4240)
	at java.awt.LightweightDispatcher.retargetMouseEvent(Container.java:4322)
	at java.awt.LightweightDispatcher.processMouseEvent(Container.java:3995)
	at java.awt.LightweightDispatcher.dispatchEvent(Container.java:3916)
	at java.awt.Container.dispatchEventImpl(Container.java:2102)
	at java.awt.Window.dispatchEventImpl(Window.java:2429)
	at java.awt.Component.dispatchEvent(Component.java:4240)
	at java.awt.EventQueue.dispatchEvent(EventQueue.java:599)
	at java.awt.EventDispatchThread.pumpOneEventForFilters(EventDispatchThread.java:273)
	at java.awt.EventDispatchThread.pumpEventsForFilter(EventDispatchThread.java:183)
	at java.awt.EventDispatchThread.pumpEventsForHierarchy(EventDispatchThread.java:173)
	at java.awt.EventDispatchThread.pumpEvents(EventDispatchThread.java:168)
	at java.awt.EventDispatchThread.pumpEvents(EventDispatchThread.java:160)
	at java.awt.EventDispatchThread.run(EventDispatchThread.java:121)
Caused by: org.hibernate.HibernateException: No CurrentSessionContext configured!
	at org.hibernate.impl.SessionFactoryImpl.getCurrentSession(SessionFactoryImpl.java:542)
	at de.liga.dart.common.service.util.HibernateUtil.getCurrentSession(HibernateUtil.java:38)
	at de.liga.dart.common.service.util.HibernateUtil.getCurrentTransaction(HibernateUtil.java:43)
	at de.liga.dart.common.service.util.TransactServiceHandler.invoke(TransactServiceHandler.java:37)
	at $Proxy1.run(Unknown Source)
	at de.liga.dart.common.service.ServiceFactory.runAsTransaction(ServiceFactory.java:60)
	at org.en.tealEye.framework.TransactedModelFactory.create(TransactedModelFactory.java:16)
	at org.en.tealEye.framework.ComponentRegistry.setTableModel(ComponentRegistry.java:51)
	at org.en.tealEye.guiExt.ExtPanel.ExtendedJPanelImpl.createCollectionModel(ExtendedJPanelImpl.java:76)
	at org.en.tealEye.guiExt.ExtPanel.ExtendedJPanelImpl.doUpdatePanel(ExtendedJPanelImpl.java:138)
	at org.en.tealEye.guiExt.ExtPanel.ExtendedJPanelImpl.updatePanel(ExtendedJPanelImpl.java:131)
	at org.en.tealEye.guiMain.ConstrWorkerThread.doInBackground(ConstrWorkerThread.java:34)
	at javax.swing.SwingWorker$1.call(SwingWorker.java:278)
	at java.util.concurrent.FutureTask$Sync.innerRun(FutureTask.java:303)
	at java.util.concurrent.FutureTask.run(FutureTask.java:138)
	at javax.swing.SwingWorker.run(SwingWorker.java:317)
	at java.util.concurrent.ThreadPoolExecutor$Worker.runTask(ThreadPoolExecutor.java:885)
	at java.util.concurrent.ThreadPoolExecutor$Worker.run(ThreadPoolExecutor.java:907)
	at java.lang.Thread.run(Thread.java:619)
2009-02-22 10:52:55,140 [AWT-EventQueue-0] WARN  org.hibernate.impl.SessionFactoryObjectFactory  - Could not unbind factory from JNDI
javax.naming.NoInitialContextException: Need to specify class name in environment or system property, or as an applet parameter, or in an application resource file:  java.naming.factory.initial
	at javax.naming.spi.NamingManager.getInitialContext(NamingManager.java:645)
	at javax.naming.InitialContext.getDefaultInitCtx(InitialContext.java:288)
	at javax.naming.InitialContext.getURLOrDefaultInitCtx(InitialContext.java:325)
	at javax.naming.InitialContext.unbind(InitialContext.java:416)
	at org.hibernate.impl.SessionFactoryObjectFactory.removeInstance(SessionFactoryObjectFactory.java:116)
	at org.hibernate.impl.SessionFactoryImpl.close(SessionFactoryImpl.java:806)
	at de.liga.dart.common.service.DartServiceImpl.shutdown(DartServiceImpl.java:11)
	at sun.reflect.NativeMethodAccessorImpl.invoke0(Native Method)
	at sun.reflect.NativeMethodAccessorImpl.invoke(NativeMethodAccessorImpl.java:39)
	at sun.reflect.DelegatingMethodAccessorImpl.invoke(DelegatingMethodAccessorImpl.java:25)
	at java.lang.reflect.Method.invoke(Method.java:597)
	at de.liga.dart.common.service.util.SyncServiceHandler.invoke(SyncServiceHandler.java:18)
	at $Proxy0.shutdown(Unknown Source)
	at org.en.tealEye.controller.gui.MenuController.actionPerformed(MenuController.java:72)
	at javax.swing.AbstractButton.fireActionPerformed(AbstractButton.java:1995)
	at javax.swing.AbstractButton$Handler.actionPerformed(AbstractButton.java:2318)
	at javax.swing.DefaultButtonModel.fireActionPerformed(DefaultButtonModel.java:387)
	at javax.swing.DefaultButtonModel.setPressed(DefaultButtonModel.java:242)
	at javax.swing.AbstractButton.doClick(AbstractButton.java:357)
	at javax.swing.plaf.basic.BasicMenuItemUI.doClick(BasicMenuItemUI.java:1216)
	at javax.swing.plaf.basic.BasicMenuItemUI$Handler.mouseReleased(BasicMenuItemUI.java:1257)
	at java.awt.Component.processMouseEvent(Component.java:6038)
	at javax.swing.JComponent.processMouseEvent(JComponent.java:3265)
	at java.awt.Component.processEvent(Component.java:5803)
	at java.awt.Container.processEvent(Container.java:2058)
	at java.awt.Component.dispatchEventImpl(Component.java:4410)
	at java.awt.Container.dispatchEventImpl(Container.java:2116)
	at java.awt.Component.dispatchEvent(Component.java:4240)
	at java.awt.LightweightDispatcher.retargetMouseEvent(Container.java:4322)
	at java.awt.LightweightDispatcher.processMouseEvent(Container.java:3986)
	at java.awt.LightweightDispatcher.dispatchEvent(Container.java:3916)
	at java.awt.Container.dispatchEventImpl(Container.java:2102)
	at java.awt.Window.dispatchEventImpl(Window.java:2429)
	at java.awt.Component.dispatchEvent(Component.java:4240)
	at java.awt.EventQueue.dispatchEvent(EventQueue.java:599)
	at java.awt.EventDispatchThread.pumpOneEventForFilters(EventDispatchThread.java:273)
	at java.awt.EventDispatchThread.pumpEventsForFilter(EventDispatchThread.java:183)
	at java.awt.EventDispatchThread.pumpEventsForHierarchy(EventDispatchThread.java:173)
	at java.awt.EventDispatchThread.pumpEvents(EventDispatchThread.java:168)
	at java.awt.EventDispatchThread.pumpEvents(EventDispatchThread.java:160)
	at java.awt.EventDispatchThread.run(EventDispatchThread.java:121)
